<?xml version="1.0" encoding="UTF-8"?>
<!-- Generated by org.testng.reporters.JUnitReportReporter -->
<testsuite hostname="AithGGNT210" failures="0" tests="1" name="com.tutorialsninja.qa.testcases.login" time="56.594" errors="0" timestamp="2023-12-10T19:55:24 IST" skipped="0">
  <testcase classname="com.tutorialsninja.qa.testcases.login" name="verifyloginWithValidCredentials" time="56.594"/>
  <system-out/>
</testsuite> <!-- com.tutorialsninja.qa.testcases.login -->
