<?xml version="1.0" encoding="UTF-8"?>
<!-- Generated by org.testng.reporters.JUnitReportReporter -->
<testsuite hostname="AithGGNT210" failures="0" tests="1" name="com.tutorialsninja.qa.testcases.Business" time="27.531" errors="0" timestamp="2023-11-04T19:36:06 IST" skipped="0">
  <testcase classname="com.tutorialsninja.qa.testcases.Business" name="verifyBusinessModifyfields" time="27.531"/>
  <system-out/>
</testsuite> <!-- com.tutorialsninja.qa.testcases.Business -->
